c:\users\proyecto\downloads\fr\papuengine\debug\vc140.pdb
e:\teoria de juegos\papu-framework\papuengine\debug\vc140.pdb
e:\teoria de juegos\papu-framework\papuengine\debug\vc140.idb
e:\teoria de juegos\papu-framework\papuengine\debug\error.obj
e:\teoria de juegos\papu-framework\papuengine\debug\gls_program.obj
e:\teoria de juegos\papu-framework\papuengine\debug\main.obj
e:\teoria de juegos\papu-framework\papuengine\debug\maingame.obj
e:\teoria de juegos\papu-framework\papuengine\debug\sprite.obj
e:\teoria de juegos\papu-framework\papuengine\debug\iomanager.obj
e:\teoria de juegos\papu-framework\papuengine\debug\imageloader.obj
c:\users\proyecto\downloads\fr\debug\papuengine.ilk
c:\users\proyecto\downloads\fr\debug\papuengine.exe
c:\users\proyecto\downloads\fr\debug\papuengine.pdb
e:\teoria de juegos\papu-framework\debug\papuengine.ilk
e:\teoria de juegos\papu-framework\debug\papuengine.exe
e:\teoria de juegos\papu-framework\debug\papuengine.pdb
e:\teoria de juegos\papu-framework\papuengine\debug\papuengine.tlog\cl.command.1.tlog
e:\teoria de juegos\papu-framework\papuengine\debug\papuengine.tlog\cl.read.1.tlog
e:\teoria de juegos\papu-framework\papuengine\debug\papuengine.tlog\cl.write.1.tlog
e:\teoria de juegos\papu-framework\papuengine\debug\papuengine.tlog\link.command.1.tlog
e:\teoria de juegos\papu-framework\papuengine\debug\papuengine.tlog\link.read.1.tlog
e:\teoria de juegos\papu-framework\papuengine\debug\papuengine.tlog\link.write.1.tlog
